Arguments: 
  /opt/homebrew/Cellar/node@14/14.18.3/bin/node /opt/homebrew/Cellar/yarn/1.22.17_2/libexec/bin/yarn.js add @project-serum

PATH: 
  /Users/daniel/.nix-profile/bin:/opt/homebrew/Caskroom/miniforge/base/condabin:/Users/daniel/dev/solana/bin:/Users/daniel/.cargo/bin:/opt/homebrew/bin:/Users/daniel/.local/share/solana/install/active_release/bin:/opt/homebrew/bin:/opt/homebrew/sbin:/usr/local/bin:/usr/bin:/bin:/usr/sbin:/sbin:/Users/daniel/.cargo/bin

Yarn version: 
  1.22.17

Node version: 
  14.18.3

Platform: 
  darwin arm64

Trace: 
  Error: https://registry.yarnpkg.com/@project-serum: Request "https://registry.yarnpkg.com/@project-serum" returned a 405
      at Request.params.callback [as _callback] (/opt/homebrew/Cellar/yarn/1.22.17_2/libexec/lib/cli.js:67038:18)
      at Request.self.callback (/opt/homebrew/Cellar/yarn/1.22.17_2/libexec/lib/cli.js:140883:22)
      at Request.emit (events.js:400:28)
      at Request.<anonymous> (/opt/homebrew/Cellar/yarn/1.22.17_2/libexec/lib/cli.js:141855:10)
      at Request.emit (events.js:400:28)
      at IncomingMessage.<anonymous> (/opt/homebrew/Cellar/yarn/1.22.17_2/libexec/lib/cli.js:141777:12)
      at Object.onceWrapper (events.js:519:28)
      at IncomingMessage.emit (events.js:412:35)
      at endReadableNT (internal/streams/readable.js:1334:12)
      at processTicksAndRejections (internal/process/task_queues.js:82:21)

npm manifest: 
  No manifest

yarn manifest: 
  No manifest

Lockfile: 
  No lockfile
